S C:\Users\MonkP\Github\DnD> docker build -t the_dms_assistant .
[+] Building 15.7s (8/8) FINISHED
 => [internal] load build definition from Dockerfile                                                                                                                                                                     0.0s
 => => transferring dockerfile: 32B                                                                                                                                                                                      0.0s 
 => [internal] load .dockerignore                                                                                                                                                                                        0.0s 
 => => transferring context: 2B                                                                                                                                                                                          0.0s 
 => [internal] load metadata for docker.io/library/python:3.10.6-slim-buster                                                                                                                                             0.4s 
 => [internal] load build context                                                                                                                                                                                        0.6s
 => => transferring context: 750.76kB                                                                                                                                                                                    0.6s 
 => [1/4] FROM docker.io/library/python:3.10.6-slim-buster@sha256:f17c94905c9cd56dce9ef6ce63229045a75f395f7b5b68eb69ef617079c51848                                                                                       0.0s 
 => CACHED [2/4] WORKDIR /the_dms_assistant                                                                                                                                                                              0.0s
 => [3/4] ADD . .                                                                                                                                                                                                        0.6s 
 => ERROR [4/4] RUN pip install --no-cache-dir -r requirements.txt                                                                                                                                                      14.1s
------
 > [4/4] RUN pip install --no-cache-dir -r requirements.txt:
#8 1.483 Collecting Flask==2.0.1
#8 1.581   Downloading Flask-2.0.1-py3-none-any.whl (94 kB)
#8 1.603      ━━━━━━━━━━━━━━━━━━━━━━━━━━━━━━━━━━━━━━━━ 94.8/94.8 kB 4.4 MB/s eta 0:00:00
#8 1.820 Collecting pandas==1.3.1
#8 1.838   Downloading pandas-1.3.1.tar.gz (4.7 MB)
#8 1.998      ━━━━━━━━━━━━━━━━━━━━━━━━━━━━━━━━━━━━━━━━ 4.7/4.7 MB 30.1 MB/s eta 0:00:00
#8 2.499   Installing build dependencies: started
#8 13.81   Installing build dependencies: finished with status 'error'
#8 13.83   error: subprocess-exited-with-error
#8 13.83
#8 13.83   × pip subprocess to install build dependencies did not run successfully.
#8 13.83   │ exit code: 1
#8 13.83   ╰─> [272 lines of output]
#8 13.83       Ignoring numpy: markers 'python_version == "3.7" and (platform_machine != "arm64" or platform_system != "Darwin") and platform_machine != "aarch64"' don't match your environment
#8 13.83       Ignoring numpy: markers 'python_version == "3.8" and (platform_machine != "arm64" or platform_system != "Darwin") and platform_machine != "aarch64"' don't match your environment
#8 13.83       Ignoring numpy: markers 'python_version == "3.7" and platform_machine == "aarch64"' don't match your environment
#8 13.83       Ignoring numpy: markers 'python_version == "3.8" and platform_machine == "aarch64"' don't match your environment
#8 13.83       Ignoring numpy: markers 'python_version == "3.8" and platform_machine == "arm64" and platform_system == "Darwin"' don't match your environment
#8 13.83       Ignoring numpy: markers 'python_version == "3.9" and platform_machine == "arm64" and platform_system == "Darwin"' don't match your environment
#8 13.83       Collecting setuptools>=38.6.0
#8 13.83         Downloading setuptools-68.0.0-py3-none-any.whl (804 kB)
#8 13.83            ━━━━━━━━━━━━━━━━━━━━━━━━━━━━━━━━━━━━━━ 804.0/804.0 kB 10.0 MB/s eta 0:00:00
#8 13.83       Collecting wheel
#8 13.83         Downloading wheel-0.41.0-py3-none-any.whl (64 kB)
#8 13.83            ━━━━━━━━━━━━━━━━━━━━━━━━━━━━━━━━━━━━━━━━ 64.7/64.7 kB 12.0 MB/s eta 0:00:00
#8 13.83       Collecting Cython<3,>=0.29.21
#8 13.83         Downloading Cython-0.29.36-cp310-cp310-manylinux_2_17_x86_64.manylinux2014_x86_64.manylinux_2_24_x86_64.whl (1.9 MB)
#8 13.83            ━━━━━━━━━━━━━━━━━━━━━━━━━━━━━━━━━━━━━━━━ 1.9/1.9 MB 29.1 MB/s eta 0:00:00
#8 13.83       Collecting numpy==1.19.3
#8 13.83         Downloading numpy-1.19.3.zip (7.3 MB)
#8 13.83            ━━━━━━━━━━━━━━━━━━━━━━━━━━━━━━━━━━━━━━━━ 7.3/7.3 MB 37.3 MB/s eta 0:00:00
#8 13.83         Installing build dependencies: started
#8 13.83         Installing build dependencies: finished with status 'done'
#8 13.83         Getting requirements to build wheel: started
#8 13.83         Getting requirements to build wheel: finished with status 'done'
#8 13.83         Preparing metadata (pyproject.toml): started
#8 13.83         Preparing metadata (pyproject.toml): finished with status 'error'
#8 13.83         error: subprocess-exited-with-error
#8 13.83
#8 13.83         × Preparing metadata (pyproject.toml) did not run successfully.
#8 13.83         │ exit code: 1
#8 13.83         ╰─> [230 lines of output]
#8 13.83             setup.py:67: RuntimeWarning: NumPy 1.19.3 may not yet support Python 3.10.
#8 13.83               warnings.warn(
#8 13.83             Running from numpy source directory.
#8 13.83             setup.py:480: UserWarning: Unrecognized setuptools command, proceeding with generating Cython sources and expanding templates
#8 13.83               run_build = parse_setuppy_commands()
#8 13.83             Processing numpy/random/_bounded_integers.pxd.in
#8 13.83             Processing numpy/random/_pcg64.pyx
#8 13.83             Processing numpy/random/_philox.pyx
#8 13.83             Processing numpy/random/mtrand.pyx
#8 13.83             Processing numpy/random/_generator.pyx
#8 13.83             Processing numpy/random/_common.pyx
#8 13.83             Processing numpy/random/_mt19937.pyx
#8 13.83             Processing numpy/random/_sfc64.pyx
#8 13.83             Processing numpy/random/_bounded_integers.pyx.in
#8 13.83             Processing numpy/random/bit_generator.pyx
#8 13.83             Cythonizing sources
#8 13.83             blas_opt_info:
#8 13.83             blas_mkl_info:
#8 13.83             customize UnixCCompiler
#8 13.83               libraries mkl_rt not found in ['/usr/local/lib', '/usr/lib']
#8 13.83               NOT AVAILABLE
#8 13.83
#8 13.83             blis_info:
#8 13.83               libraries blis not found in ['/usr/local/lib', '/usr/lib']
#8 13.83               NOT AVAILABLE
#8 13.83
#8 13.83             openblas_info:
#8 13.83               libraries openblas not found in ['/usr/local/lib', '/usr/lib']
#8 13.83               NOT AVAILABLE
#8 13.83
#8 13.83             atlas_3_10_blas_threads_info:
#8 13.83             Setting PTATLAS=ATLAS
#8 13.83               libraries tatlas not found in ['/usr/local/lib', '/usr/lib']
#8 13.83               NOT AVAILABLE
#8 13.83
#8 13.83             atlas_3_10_blas_info:
#8 13.83               libraries satlas not found in ['/usr/local/lib', '/usr/lib']
#8 13.83               NOT AVAILABLE
#8 13.83
#8 13.83             atlas_blas_threads_info:
#8 13.83             Setting PTATLAS=ATLAS
#8 13.83               libraries ptf77blas,ptcblas,atlas not found in ['/usr/local/lib', '/usr/lib']
#8 13.83               NOT AVAILABLE
#8 13.83
#8 13.83             atlas_blas_info:
#8 13.83               libraries f77blas,cblas,atlas not found in ['/usr/local/lib', '/usr/lib']
#8 13.83               NOT AVAILABLE
#8 13.83
#8 13.83             accelerate_info:
#8 13.83               NOT AVAILABLE
#8 13.83
#8 13.83             /tmp/pip-install-b4818hew/numpy_200d546171c247ec86a5831d0741e672/numpy/distutils/system_info.py:1914: UserWarning:
#8 13.83                 Optimized (vendor) Blas libraries are not found.
#8 13.83                 Falls back to netlib Blas library which has worse performance.
#8 13.83                 A better performance should be easily gained by switching
#8 13.83                 Blas library.
#8 13.83               if self._calc_info(blas):
#8 13.83             blas_info:
#8 13.83               libraries blas not found in ['/usr/local/lib', '/usr/lib']
#8 13.83               NOT AVAILABLE
#8 13.83
#8 13.83             /tmp/pip-install-b4818hew/numpy_200d546171c247ec86a5831d0741e672/numpy/distutils/system_info.py:1914: UserWarning:
#8 13.83                 Blas (http://www.netlib.org/blas/) libraries not found.
#8 13.83                 Directories to search for the libraries can be specified in the
#8 13.83                 numpy/distutils/site.cfg file (section [blas]) or by setting
#8 13.83                 the BLAS environment variable.
#8 13.83               if self._calc_info(blas):
#8 13.83             blas_src_info:
#8 13.83               NOT AVAILABLE
#8 13.83
#8 13.83             /tmp/pip-install-b4818hew/numpy_200d546171c247ec86a5831d0741e672/numpy/distutils/system_info.py:1914: UserWarning:
#8 13.83                 Blas (http://www.netlib.org/blas/) sources not found.
#8 13.83                 Directories to search for the sources can be specified in the
#8 13.83                 numpy/distutils/site.cfg file (section [blas_src]) or by setting
#8 13.83                 the BLAS_SRC environment variable.
#8 13.83               if self._calc_info(blas):
#8 13.83               NOT AVAILABLE
#8 13.83
#8 13.83             non-existing path in 'numpy/distutils': 'site.cfg'
#8 13.83             lapack_opt_info:
#8 13.83             lapack_mkl_info:
#8 13.83               libraries mkl_rt not found in ['/usr/local/lib', '/usr/lib']
#8 13.83               NOT AVAILABLE
#8 13.83
#8 13.83             openblas_lapack_info:
#8 13.83               libraries openblas not found in ['/usr/local/lib', '/usr/lib']
#8 13.83               NOT AVAILABLE
#8 13.83
#8 13.83             openblas_clapack_info:
#8 13.83               libraries openblas,lapack not found in ['/usr/local/lib', '/usr/lib']
#8 13.83               NOT AVAILABLE
#8 13.83
#8 13.83             flame_info:
#8 13.83               libraries flame not found in ['/usr/local/lib', '/usr/lib']
#8 13.83               NOT AVAILABLE
#8 13.83
#8 13.83             atlas_3_10_threads_info:
#8 13.83             Setting PTATLAS=ATLAS
#8 13.83               libraries lapack_atlas not found in /usr/local/lib
#8 13.83               libraries tatlas,tatlas not found in /usr/local/lib
#8 13.83               libraries lapack_atlas not found in /usr/lib
#8 13.83               libraries tatlas,tatlas not found in /usr/lib
#8 13.83             <class 'numpy.distutils.system_info.atlas_3_10_threads_info'>
#8 13.83               NOT AVAILABLE
#8 13.83
#8 13.83             atlas_3_10_info:
#8 13.83               libraries lapack_atlas not found in /usr/local/lib
#8 13.83               libraries satlas,satlas not found in /usr/local/lib
#8 13.83               libraries lapack_atlas not found in /usr/lib
#8 13.83               libraries satlas,satlas not found in /usr/lib
#8 13.83             <class 'numpy.distutils.system_info.atlas_3_10_info'>
#8 13.83               NOT AVAILABLE
#8 13.83
#8 13.83             atlas_threads_info:
#8 13.83             Setting PTATLAS=ATLAS
#8 13.83               libraries lapack_atlas not found in /usr/local/lib
#8 13.83               libraries ptf77blas,ptcblas,atlas not found in /usr/local/lib
#8 13.83               libraries lapack_atlas not found in /usr/lib
#8 13.83               libraries ptf77blas,ptcblas,atlas not found in /usr/lib
#8 13.83             <class 'numpy.distutils.system_info.atlas_threads_info'>
#8 13.83               NOT AVAILABLE
#8 13.83
#8 13.83             atlas_info:
#8 13.83               libraries lapack_atlas not found in /usr/local/lib
#8 13.83               libraries f77blas,cblas,atlas not found in /usr/local/lib
#8 13.83               libraries lapack_atlas not found in /usr/lib
#8 13.83               libraries f77blas,cblas,atlas not found in /usr/lib
#8 13.83             <class 'numpy.distutils.system_info.atlas_info'>
#8 13.83               NOT AVAILABLE
#8 13.83
#8 13.83             lapack_info:
#8 13.83               libraries lapack not found in ['/usr/local/lib', '/usr/lib']
#8 13.83               NOT AVAILABLE
#8 13.83
#8 13.83             /tmp/pip-install-b4818hew/numpy_200d546171c247ec86a5831d0741e672/numpy/distutils/system_info.py:1748: UserWarning:
#8 13.83                 Lapack (http://www.netlib.org/lapack/) libraries not found.
#8 13.83                 Directories to search for the libraries can be specified in the
#8 13.83                 numpy/distutils/site.cfg file (section [lapack]) or by setting
#8 13.83                 the LAPACK environment variable.
#8 13.83               return getattr(self, '_calc_info_{}'.format(name))()
#8 13.83             lapack_src_info:
#8 13.83               NOT AVAILABLE
#8 13.83
#8 13.83             /tmp/pip-install-b4818hew/numpy_200d546171c247ec86a5831d0741e672/numpy/distutils/system_info.py:1748: UserWarning:
#8 13.83                 Lapack (http://www.netlib.org/lapack/) sources not found.
#8 13.83                 Directories to search for the sources can be specified in the
#8 13.83                 numpy/distutils/site.cfg file (section [lapack_src]) or by setting
#8 13.83                 the LAPACK_SRC environment variable.
#8 13.83               return getattr(self, '_calc_info_{}'.format(name))()
#8 13.83               NOT AVAILABLE
#8 13.83
#8 13.83             numpy_linalg_lapack_lite:
#8 13.83               FOUND:
#8 13.83                 language = c
#8 13.83                 define_macros = [('HAVE_BLAS_ILP64', None), ('BLAS_SYMBOL_SUFFIX', '64_')]
#8 13.83
#8 13.83             /tmp/pip-build-env-v9qv92q0/overlay/lib/python3.10/site-packages/setuptools/_distutils/dist.py:275: UserWarning: Unknown distribution option: 'define_macros'
#8 13.83               warnings.warn(msg)
#8 13.83             running dist_info
#8 13.83             running build_src
#8 13.83             build_src
#8 13.83             building py_modules sources
#8 13.83             creating build
#8 13.83             creating build/src.linux-x86_64-3.10
#8 13.83             creating build/src.linux-x86_64-3.10/numpy
#8 13.83             creating build/src.linux-x86_64-3.10/numpy/distutils
#8 13.83             building library "npymath" sources
#8 13.83             Could not locate executable gfortran
#8 13.83             Could not locate executable f95
#8 13.83             Could not locate executable ifort
#8 13.83             Could not locate executable ifc
#8 13.83             Could not locate executable lf95
#8 13.83             Could not locate executable pgfortran
#8 13.83             Could not locate executable nvfortran
#8 13.83             Could not locate executable f90
#8 13.83             Could not locate executable f77
#8 13.83             Could not locate executable fort
#8 13.83             Could not locate executable efort
#8 13.83             Could not locate executable efc
#8 13.83             Could not locate executable g77
#8 13.83             Could not locate executable g95
#8 13.83             Could not locate executable pathf95
#8 13.83             Could not locate executable nagfor
#8 13.83             don't know how to compile Fortran code on platform 'posix'
#8 13.83             Traceback (most recent call last):
#8 13.83               File "/usr/local/lib/python3.10/site-packages/pip/_vendor/pep517/in_process/_in_process.py", line 363, in <module>
#8 13.83                 main()
#8 13.83               File "/usr/local/lib/python3.10/site-packages/pip/_vendor/pep517/in_process/_in_process.py", line 345, in main
#8 13.83                 json_out['return_val'] = hook(**hook_input['kwargs'])
#8 13.83               File "/usr/local/lib/python3.10/site-packages/pip/_vendor/pep517/in_process/_in_process.py", line 164, in prepare_metadata_for_build_wheel
#8 13.83                 return hook(metadata_directory, config_settings)
#8 13.83               File "/tmp/pip-build-env-v9qv92q0/overlay/lib/python3.10/site-packages/setuptools/build_meta.py", line 157, in prepare_metadata_for_build_wheel
#8 13.83                 self.run_setup()
#8 13.83               File "/tmp/pip-build-env-v9qv92q0/overlay/lib/python3.10/site-packages/setuptools/build_meta.py", line 248, in run_setup
#8 13.83                 super(_BuildMetaLegacyBackend,
#8 13.83               File "/tmp/pip-build-env-v9qv92q0/overlay/lib/python3.10/site-packages/setuptools/build_meta.py", line 142, in run_setup
#8 13.83                 exec(compile(code, __file__, 'exec'), locals())
#8 13.83               File "setup.py", line 508, in <module>
#8 13.83                 setup_package()
#8 13.83               File "setup.py", line 500, in setup_package
#8 13.83                 setup(**metadata)
#8 13.83               File "/tmp/pip-install-b4818hew/numpy_200d546171c247ec86a5831d0741e672/numpy/distutils/core.py", line 169, in setup
#8 13.83                 return old_setup(**new_attr)
#8 13.83               File "/tmp/pip-build-env-v9qv92q0/overlay/lib/python3.10/site-packages/setuptools/__init__.py", line 165, in setup
#8 13.83                 return distutils.core.setup(**attrs)
#8 13.83               File "/tmp/pip-build-env-v9qv92q0/overlay/lib/python3.10/site-packages/setuptools/_distutils/core.py", line 148, in setup
#8 13.83                 dist.run_commands()
#8 13.83               File "/tmp/pip-build-env-v9qv92q0/overlay/lib/python3.10/site-packages/setuptools/_distutils/dist.py", line 967, in run_commands
#8 13.83                 self.run_command(cmd)
#8 13.83               File "/tmp/pip-build-env-v9qv92q0/overlay/lib/python3.10/site-packages/setuptools/_distutils/dist.py", line 986, in run_command
#8 13.83                 cmd_obj.run()
#8 13.83               File "/tmp/pip-build-env-v9qv92q0/overlay/lib/python3.10/site-packages/setuptools/command/dist_info.py", line 31, in run
#8 13.83                 egg_info.run()
#8 13.83               File "/tmp/pip-install-b4818hew/numpy_200d546171c247ec86a5831d0741e672/numpy/distutils/command/egg_info.py", line 24, in run
#8 13.83                 self.run_command("build_src")
#8 13.83               File "/tmp/pip-build-env-v9qv92q0/overlay/lib/python3.10/site-packages/setuptools/_distutils/cmd.py", line 313, in run_command
#8 13.83                 self.distribution.run_command(command)
#8 13.83               File "/tmp/pip-build-env-v9qv92q0/overlay/lib/python3.10/site-packages/setuptools/_distutils/dist.py", line 986, in run_command
#8 13.83                 cmd_obj.run()
#8 13.83               File "/tmp/pip-install-b4818hew/numpy_200d546171c247ec86a5831d0741e672/numpy/distutils/command/build_src.py", line 144, in run
#8 13.83                 self.build_sources()
#8 13.83               File "/tmp/pip-install-b4818hew/numpy_200d546171c247ec86a5831d0741e672/numpy/distutils/command/build_src.py", line 155, in build_sources
#8 13.83                 self.build_library_sources(*libname_info)
#8 13.83               File "/tmp/pip-install-b4818hew/numpy_200d546171c247ec86a5831d0741e672/numpy/distutils/command/build_src.py", line 288, in build_library_sources
#8 13.83                 sources = self.generate_sources(sources, (lib_name, build_info))
#8 13.83               File "/tmp/pip-install-b4818hew/numpy_200d546171c247ec86a5831d0741e672/numpy/distutils/command/build_src.py", line 378, in generate_sources
#8 13.83                 source = func(extension, build_dir)
#8 13.83               File "numpy/core/setup.py", line 663, in get_mathlib_info
#8 13.83                 raise RuntimeError("Broken toolchain: cannot link a simple C program")
#8 13.83             RuntimeError: Broken toolchain: cannot link a simple C program
#8 13.83             [end of output]
#8 13.83
#8 13.83         note: This error originates from a subprocess, and is likely not a problem with pip.
#8 13.83       error: metadata-generation-failed
#8 13.83
#8 13.83       × Encountered error while generating package metadata.
#8 13.83       ╰─> See above for output.
#8 13.83
#8 13.83       note: This is an issue with the package mentioned above, not pip.
#8 13.83       hint: See above for details.
#8 13.83
#8 13.83       [notice] A new release of pip available: 22.2.1 -> 23.2.1
#8 13.83       [notice] To update, run: pip install --upgrade pip
#8 13.83       [end of output]
#8 13.83
#8 13.83   note: This error originates from a subprocess, and is likely not a problem with pip.
#8 13.83 error: subprocess-exited-with-error
#8 13.83
#8 13.83 × pip subprocess to install build dependencies did not run successfully.
#8 13.83 │ exit code: 1
#8 13.83 ╰─> See above for output.
#8 13.83
#8 13.83 note: This error originates from a subprocess, and is likely not a problem with pip.
#8 13.94
#8 13.94 [notice] A new release of pip available: 22.2.1 -> 23.2.1
#8 13.94 [notice] To update, run: pip install --upgrade pip
------
executor failed running [/bin/sh -c pip install --no-cache-dir -r requirements.txt]: exit code: 1